<?xml version="1.0" encoding="UTF-8"?>
<testsuite xmlns:xsi="http://www.w3.org/2001/XMLSchema-instance" xsi:noNamespaceSchemaLocation="https://maven.apache.org/surefire/maven-surefire-plugin/xsd/surefire-test-report-3.0.xsd" version="3.0" name="examples.PetStore.PetStoreRunner" time="15.24" tests="1" errors="0" skipped="0" failures="1">
  <properties>
    <property name="java.specification.version" value="24"/>
    <property name="sun.cpu.isalist" value="amd64"/>
    <property name="sun.jnu.encoding" value="Cp1252"/>
    <property name="java.class.path" value="C:\Users\dikyd\Documents\karate\KarateProj\target\test-classes;C:\Users\dikyd\Documents\karate\KarateProj\target\classes;C:\Users\dikyd\.m2\repository\io\karatelabs\karate-junit5\1.5.0\karate-junit5-1.5.0.jar;C:\Users\dikyd\.m2\repository\io\karatelabs\karate-core\1.5.0\karate-core-1.5.0.jar;C:\Users\dikyd\.m2\repository\org\graalvm\js\js-scriptengine\24.0.0\js-scriptengine-24.0.0.jar;C:\Users\dikyd\.m2\repository\org\graalvm\polyglot\polyglot\24.0.0\polyglot-24.0.0.jar;C:\Users\dikyd\.m2\repository\org\graalvm\sdk\collections\24.0.0\collections-24.0.0.jar;C:\Users\dikyd\.m2\repository\org\graalvm\sdk\nativeimage\24.0.0\nativeimage-24.0.0.jar;C:\Users\dikyd\.m2\repository\org\graalvm\sdk\word\24.0.0\word-24.0.0.jar;C:\Users\dikyd\.m2\repository\org\graalvm\js\js-language\24.0.0\js-language-24.0.0.jar;C:\Users\dikyd\.m2\repository\org\graalvm\regex\regex\24.0.0\regex-24.0.0.jar;C:\Users\dikyd\.m2\repository\org\graalvm\truffle\truffle-api\24.0.0\truffle-api-24.0.0.jar;C:\Users\dikyd\.m2\repository\org\graalvm\shadowed\icu4j\24.0.0\icu4j-24.0.0.jar;C:\Users\dikyd\.m2\repository\org\thymeleaf\thymeleaf\3.1.2.RELEASE\thymeleaf-3.1.2.RELEASE.jar;C:\Users\dikyd\.m2\repository\ognl\ognl\3.3.4\ognl-3.3.4.jar;C:\Users\dikyd\.m2\repository\org\javassist\javassist\3.29.0-GA\javassist-3.29.0-GA.jar;C:\Users\dikyd\.m2\repository\org\attoparser\attoparser\2.0.7.RELEASE\attoparser-2.0.7.RELEASE.jar;C:\Users\dikyd\.m2\repository\org\unbescape\unbescape\1.1.6.RELEASE\unbescape-1.1.6.RELEASE.jar;C:\Users\dikyd\.m2\repository\com\linecorp\armeria\armeria\1.29.2\armeria-1.29.2.jar;C:\Users\dikyd\.m2\repository\com\fasterxml\jackson\core\jackson-core\2.17.1\jackson-core-2.17.1.jar;C:\Users\dikyd\.m2\repository\com\fasterxml\jackson\core\jackson-annotations\2.17.1\jackson-annotations-2.17.1.jar;C:\Users\dikyd\.m2\repository\com\fasterxml\jackson\core\jackson-databind\2.17.1\jackson-databind-2.17.1.jar;C:\Users\dikyd\.m2\repository\com\fasterxml\jackson\datatype\jackson-datatype-jdk8\2.17.1\jackson-datatype-jdk8-2.17.1.jar;C:\Users\dikyd\.m2\repository\com\fasterxml\jackson\datatype\jackson-datatype-jsr310\2.17.1\jackson-datatype-jsr310-2.17.1.jar;C:\Users\dikyd\.m2\repository\io\micrometer\micrometer-core\1.13.0\micrometer-core-1.13.0.jar;C:\Users\dikyd\.m2\repository\io\micrometer\micrometer-commons\1.13.0\micrometer-commons-1.13.0.jar;C:\Users\dikyd\.m2\repository\io\micrometer\micrometer-observation\1.13.0\micrometer-observation-1.13.0.jar;C:\Users\dikyd\.m2\repository\org\hdrhistogram\HdrHistogram\2.2.1\HdrHistogram-2.2.1.jar;C:\Users\dikyd\.m2\repository\org\latencyutils\LatencyUtils\2.0.3\LatencyUtils-2.0.3.jar;C:\Users\dikyd\.m2\repository\io\netty\netty-transport\4.1.110.Final\netty-transport-4.1.110.Final.jar;C:\Users\dikyd\.m2\repository\io\netty\netty-common\4.1.110.Final\netty-common-4.1.110.Final.jar;C:\Users\dikyd\.m2\repository\io\netty\netty-buffer\4.1.110.Final\netty-buffer-4.1.110.Final.jar;C:\Users\dikyd\.m2\repository\io\netty\netty-resolver\4.1.110.Final\netty-resolver-4.1.110.Final.jar;C:\Users\dikyd\.m2\repository\io\netty\netty-codec-haproxy\4.1.110.Final\netty-codec-haproxy-4.1.110.Final.jar;C:\Users\dikyd\.m2\repository\io\netty\netty-codec\4.1.110.Final\netty-codec-4.1.110.Final.jar;C:\Users\dikyd\.m2\repository\io\netty\netty-codec-http2\4.1.110.Final\netty-codec-http2-4.1.110.Final.jar;C:\Users\dikyd\.m2\repository\io\netty\netty-handler\4.1.110.Final\netty-handler-4.1.110.Final.jar;C:\Users\dikyd\.m2\repository\io\netty\netty-codec-http\4.1.110.Final\netty-codec-http-4.1.110.Final.jar;C:\Users\dikyd\.m2\repository\io\netty\netty-resolver-dns\4.1.110.Final\netty-resolver-dns-4.1.110.Final.jar;C:\Users\dikyd\.m2\repository\io\netty\netty-codec-dns\4.1.110.Final\netty-codec-dns-4.1.110.Final.jar;C:\Users\dikyd\.m2\repository\io\netty\netty-transport-native-unix-common\4.1.110.Final\netty-transport-native-unix-common-4.1.110.Final-linux-x86_64.jar;C:\Users\dikyd\.m2\repository\io\netty\netty-transport-native-unix-common\4.1.110.Final\netty-transport-native-unix-common-4.1.110.Final-linux-aarch_64.jar;C:\Users\dikyd\.m2\repository\io\netty\netty-transport-native-unix-common\4.1.110.Final\netty-transport-native-unix-common-4.1.110.Final-osx-x86_64.jar;C:\Users\dikyd\.m2\repository\io\netty\netty-transport-native-unix-common\4.1.110.Final\netty-transport-native-unix-common-4.1.110.Final-osx-aarch_64.jar;C:\Users\dikyd\.m2\repository\org\reactivestreams\reactive-streams\1.0.4\reactive-streams-1.0.4.jar;C:\Users\dikyd\.m2\repository\com\google\code\findbugs\jsr305\3.0.2\jsr305-3.0.2.jar;C:\Users\dikyd\.m2\repository\io\netty\netty-handler-proxy\4.1.110.Final\netty-handler-proxy-4.1.110.Final.jar;C:\Users\dikyd\.m2\repository\io\netty\netty-codec-socks\4.1.110.Final\netty-codec-socks-4.1.110.Final.jar;C:\Users\dikyd\.m2\repository\io\netty\netty-transport-native-epoll\4.1.110.Final\netty-transport-native-epoll-4.1.110.Final-linux-x86_64.jar;C:\Users\dikyd\.m2\repository\io\netty\netty-transport-native-unix-common\4.1.110.Final\netty-transport-native-unix-common-4.1.110.Final.jar;C:\Users\dikyd\.m2\repository\io\netty\netty-transport-classes-epoll\4.1.110.Final\netty-transport-classes-epoll-4.1.110.Final.jar;C:\Users\dikyd\.m2\repository\io\netty\netty-transport-native-epoll\4.1.110.Final\netty-transport-native-epoll-4.1.110.Final-linux-aarch_64.jar;C:\Users\dikyd\.m2\repository\io\netty\netty-transport-native-kqueue\4.1.110.Final\netty-transport-native-kqueue-4.1.110.Final-osx-x86_64.jar;C:\Users\dikyd\.m2\repository\io\netty\netty-transport-classes-kqueue\4.1.110.Final\netty-transport-classes-kqueue-4.1.110.Final.jar;C:\Users\dikyd\.m2\repository\io\netty\netty-resolver-dns-native-macos\4.1.110.Final\netty-resolver-dns-native-macos-4.1.110.Final-osx-x86_64.jar;C:\Users\dikyd\.m2\repository\io\netty\netty-resolver-dns-classes-macos\4.1.110.Final\netty-resolver-dns-classes-macos-4.1.110.Final.jar;C:\Users\dikyd\.m2\repository\io\netty\netty-transport-native-kqueue\4.1.110.Final\netty-transport-native-kqueue-4.1.110.Final-osx-aarch_64.jar;C:\Users\dikyd\.m2\repository\io\netty\netty-resolver-dns-native-macos\4.1.110.Final\netty-resolver-dns-native-macos-4.1.110.Final-osx-aarch_64.jar;C:\Users\dikyd\.m2\repository\io\netty\netty-tcnative-boringssl-static\2.0.65.Final\netty-tcnative-boringssl-static-2.0.65.Final-linux-x86_64.jar;C:\Users\dikyd\.m2\repository\io\netty\netty-tcnative-classes\2.0.65.Final\netty-tcnative-classes-2.0.65.Final.jar;C:\Users\dikyd\.m2\repository\io\netty\netty-tcnative-boringssl-static\2.0.65.Final\netty-tcnative-boringssl-static-2.0.65.Final-linux-aarch_64.jar;C:\Users\dikyd\.m2\repository\io\netty\netty-tcnative-boringssl-static\2.0.65.Final\netty-tcnative-boringssl-static-2.0.65.Final-osx-x86_64.jar;C:\Users\dikyd\.m2\repository\io\netty\netty-tcnative-boringssl-static\2.0.65.Final\netty-tcnative-boringssl-static-2.0.65.Final-osx-aarch_64.jar;C:\Users\dikyd\.m2\repository\io\netty\netty-tcnative-boringssl-static\2.0.65.Final\netty-tcnative-boringssl-static-2.0.65.Final-windows-x86_64.jar;C:\Users\dikyd\.m2\repository\com\aayushatharva\brotli4j\brotli4j\1.16.0\brotli4j-1.16.0.jar;C:\Users\dikyd\.m2\repository\com\aayushatharva\brotli4j\service\1.16.0\service-1.16.0.jar;C:\Users\dikyd\.m2\repository\com\aayushatharva\brotli4j\native-windows-x86_64\1.16.0\native-windows-x86_64-1.16.0.jar;C:\Users\dikyd\.m2\repository\org\apache\httpcomponents\httpclient\4.5.14\httpclient-4.5.14.jar;C:\Users\dikyd\.m2\repository\org\apache\httpcomponents\httpcore\4.4.16\httpcore-4.4.16.jar;C:\Users\dikyd\.m2\repository\commons-codec\commons-codec\1.16.1\commons-codec-1.16.1.jar;C:\Users\dikyd\.m2\repository\ch\qos\logback\logback-classic\1.5.4\logback-classic-1.5.4.jar;C:\Users\dikyd\.m2\repository\ch\qos\logback\logback-core\1.5.4\logback-core-1.5.4.jar;C:\Users\dikyd\.m2\repository\org\slf4j\jcl-over-slf4j\2.0.12\jcl-over-slf4j-2.0.12.jar;C:\Users\dikyd\.m2\repository\org\slf4j\slf4j-api\2.0.12\slf4j-api-2.0.12.jar;C:\Users\dikyd\.m2\repository\org\antlr\antlr4-runtime\4.13.1\antlr4-runtime-4.13.1.jar;C:\Users\dikyd\.m2\repository\com\jayway\jsonpath\json-path\2.9.0\json-path-2.9.0.jar;C:\Users\dikyd\.m2\repository\net\minidev\json-smart\2.5.1\json-smart-2.5.1.jar;C:\Users\dikyd\.m2\repository\net\minidev\accessors-smart\2.5.1\accessors-smart-2.5.1.jar;C:\Users\dikyd\.m2\repository\org\ow2\asm\asm\9.6\asm-9.6.jar;C:\Users\dikyd\.m2\repository\org\yaml\snakeyaml\2.2\snakeyaml-2.2.jar;C:\Users\dikyd\.m2\repository\de\siegmar\fastcsv\3.1.0\fastcsv-3.1.0.jar;C:\Users\dikyd\.m2\repository\info\picocli\picocli\4.7.5\picocli-4.7.5.jar;C:\Users\dikyd\.m2\repository\io\github\classgraph\classgraph\4.8.170\classgraph-4.8.170.jar;C:\Users\dikyd\.m2\repository\io\github\t12y\resemble\1.1.0\resemble-1.1.0.jar;C:\Users\dikyd\.m2\repository\io\github\t12y\ssim\1.0.0\ssim-1.0.0.jar;C:\Users\dikyd\.m2\repository\org\junit\jupiter\junit-jupiter-api\5.10.2\junit-jupiter-api-5.10.2.jar;C:\Users\dikyd\.m2\repository\org\opentest4j\opentest4j\1.3.0\opentest4j-1.3.0.jar;C:\Users\dikyd\.m2\repository\org\junit\platform\junit-platform-commons\1.10.2\junit-platform-commons-1.10.2.jar;C:\Users\dikyd\.m2\repository\org\apiguardian\apiguardian-api\1.1.2\apiguardian-api-1.1.2.jar;C:\Users\dikyd\.m2\repository\org\junit\jupiter\junit-jupiter-engine\5.10.2\junit-jupiter-engine-5.10.2.jar;C:\Users\dikyd\.m2\repository\org\junit\platform\junit-platform-engine\1.10.2\junit-platform-engine-1.10.2.jar;"/>
    <property name="java.vm.vendor" value="Oracle Corporation"/>
    <property name="sun.arch.data.model" value="64"/>
    <property name="user.variant" value=""/>
    <property name="java.vendor.url" value="https://java.oracle.com/"/>
    <property name="user.timezone" value="America/La_Paz"/>
    <property name="user.country.format" value="BO"/>
    <property name="os.name" value="Windows 11"/>
    <property name="java.vm.specification.version" value="24"/>
    <property name="sun.java.launcher" value="SUN_STANDARD"/>
    <property name="user.country" value="US"/>
    <property name="sun.boot.library.path" value="C:\Program Files\Java\jdk-24\bin"/>
    <property name="sun.java.command" value="C:\Users\dikyd\AppData\Local\Temp\surefire7931196487840051021\surefirebooter-20250429140846562_3.jar C:\Users\dikyd\AppData\Local\Temp\surefire7931196487840051021 2025-04-29T14-08-45_634-jvmRun1 surefire-20250429140846562_1tmp surefire_0-20250429140846562_2tmp"/>
    <property name="jdk.debug" value="release"/>
    <property name="test" value="PetStoreRunner"/>
    <property name="surefire.test.class.path" value="C:\Users\dikyd\Documents\karate\KarateProj\target\test-classes;C:\Users\dikyd\Documents\karate\KarateProj\target\classes;C:\Users\dikyd\.m2\repository\io\karatelabs\karate-junit5\1.5.0\karate-junit5-1.5.0.jar;C:\Users\dikyd\.m2\repository\io\karatelabs\karate-core\1.5.0\karate-core-1.5.0.jar;C:\Users\dikyd\.m2\repository\org\graalvm\js\js-scriptengine\24.0.0\js-scriptengine-24.0.0.jar;C:\Users\dikyd\.m2\repository\org\graalvm\polyglot\polyglot\24.0.0\polyglot-24.0.0.jar;C:\Users\dikyd\.m2\repository\org\graalvm\sdk\collections\24.0.0\collections-24.0.0.jar;C:\Users\dikyd\.m2\repository\org\graalvm\sdk\nativeimage\24.0.0\nativeimage-24.0.0.jar;C:\Users\dikyd\.m2\repository\org\graalvm\sdk\word\24.0.0\word-24.0.0.jar;C:\Users\dikyd\.m2\repository\org\graalvm\js\js-language\24.0.0\js-language-24.0.0.jar;C:\Users\dikyd\.m2\repository\org\graalvm\regex\regex\24.0.0\regex-24.0.0.jar;C:\Users\dikyd\.m2\repository\org\graalvm\truffle\truffle-api\24.0.0\truffle-api-24.0.0.jar;C:\Users\dikyd\.m2\repository\org\graalvm\shadowed\icu4j\24.0.0\icu4j-24.0.0.jar;C:\Users\dikyd\.m2\repository\org\thymeleaf\thymeleaf\3.1.2.RELEASE\thymeleaf-3.1.2.RELEASE.jar;C:\Users\dikyd\.m2\repository\ognl\ognl\3.3.4\ognl-3.3.4.jar;C:\Users\dikyd\.m2\repository\org\javassist\javassist\3.29.0-GA\javassist-3.29.0-GA.jar;C:\Users\dikyd\.m2\repository\org\attoparser\attoparser\2.0.7.RELEASE\attoparser-2.0.7.RELEASE.jar;C:\Users\dikyd\.m2\repository\org\unbescape\unbescape\1.1.6.RELEASE\unbescape-1.1.6.RELEASE.jar;C:\Users\dikyd\.m2\repository\com\linecorp\armeria\armeria\1.29.2\armeria-1.29.2.jar;C:\Users\dikyd\.m2\repository\com\fasterxml\jackson\core\jackson-core\2.17.1\jackson-core-2.17.1.jar;C:\Users\dikyd\.m2\repository\com\fasterxml\jackson\core\jackson-annotations\2.17.1\jackson-annotations-2.17.1.jar;C:\Users\dikyd\.m2\repository\com\fasterxml\jackson\core\jackson-databind\2.17.1\jackson-databind-2.17.1.jar;C:\Users\dikyd\.m2\repository\com\fasterxml\jackson\datatype\jackson-datatype-jdk8\2.17.1\jackson-datatype-jdk8-2.17.1.jar;C:\Users\dikyd\.m2\repository\com\fasterxml\jackson\datatype\jackson-datatype-jsr310\2.17.1\jackson-datatype-jsr310-2.17.1.jar;C:\Users\dikyd\.m2\repository\io\micrometer\micrometer-core\1.13.0\micrometer-core-1.13.0.jar;C:\Users\dikyd\.m2\repository\io\micrometer\micrometer-commons\1.13.0\micrometer-commons-1.13.0.jar;C:\Users\dikyd\.m2\repository\io\micrometer\micrometer-observation\1.13.0\micrometer-observation-1.13.0.jar;C:\Users\dikyd\.m2\repository\org\hdrhistogram\HdrHistogram\2.2.1\HdrHistogram-2.2.1.jar;C:\Users\dikyd\.m2\repository\org\latencyutils\LatencyUtils\2.0.3\LatencyUtils-2.0.3.jar;C:\Users\dikyd\.m2\repository\io\netty\netty-transport\4.1.110.Final\netty-transport-4.1.110.Final.jar;C:\Users\dikyd\.m2\repository\io\netty\netty-common\4.1.110.Final\netty-common-4.1.110.Final.jar;C:\Users\dikyd\.m2\repository\io\netty\netty-buffer\4.1.110.Final\netty-buffer-4.1.110.Final.jar;C:\Users\dikyd\.m2\repository\io\netty\netty-resolver\4.1.110.Final\netty-resolver-4.1.110.Final.jar;C:\Users\dikyd\.m2\repository\io\netty\netty-codec-haproxy\4.1.110.Final\netty-codec-haproxy-4.1.110.Final.jar;C:\Users\dikyd\.m2\repository\io\netty\netty-codec\4.1.110.Final\netty-codec-4.1.110.Final.jar;C:\Users\dikyd\.m2\repository\io\netty\netty-codec-http2\4.1.110.Final\netty-codec-http2-4.1.110.Final.jar;C:\Users\dikyd\.m2\repository\io\netty\netty-handler\4.1.110.Final\netty-handler-4.1.110.Final.jar;C:\Users\dikyd\.m2\repository\io\netty\netty-codec-http\4.1.110.Final\netty-codec-http-4.1.110.Final.jar;C:\Users\dikyd\.m2\repository\io\netty\netty-resolver-dns\4.1.110.Final\netty-resolver-dns-4.1.110.Final.jar;C:\Users\dikyd\.m2\repository\io\netty\netty-codec-dns\4.1.110.Final\netty-codec-dns-4.1.110.Final.jar;C:\Users\dikyd\.m2\repository\io\netty\netty-transport-native-unix-common\4.1.110.Final\netty-transport-native-unix-common-4.1.110.Final-linux-x86_64.jar;C:\Users\dikyd\.m2\repository\io\netty\netty-transport-native-unix-common\4.1.110.Final\netty-transport-native-unix-common-4.1.110.Final-linux-aarch_64.jar;C:\Users\dikyd\.m2\repository\io\netty\netty-transport-native-unix-common\4.1.110.Final\netty-transport-native-unix-common-4.1.110.Final-osx-x86_64.jar;C:\Users\dikyd\.m2\repository\io\netty\netty-transport-native-unix-common\4.1.110.Final\netty-transport-native-unix-common-4.1.110.Final-osx-aarch_64.jar;C:\Users\dikyd\.m2\repository\org\reactivestreams\reactive-streams\1.0.4\reactive-streams-1.0.4.jar;C:\Users\dikyd\.m2\repository\com\google\code\findbugs\jsr305\3.0.2\jsr305-3.0.2.jar;C:\Users\dikyd\.m2\repository\io\netty\netty-handler-proxy\4.1.110.Final\netty-handler-proxy-4.1.110.Final.jar;C:\Users\dikyd\.m2\repository\io\netty\netty-codec-socks\4.1.110.Final\netty-codec-socks-4.1.110.Final.jar;C:\Users\dikyd\.m2\repository\io\netty\netty-transport-native-epoll\4.1.110.Final\netty-transport-native-epoll-4.1.110.Final-linux-x86_64.jar;C:\Users\dikyd\.m2\repository\io\netty\netty-transport-native-unix-common\4.1.110.Final\netty-transport-native-unix-common-4.1.110.Final.jar;C:\Users\dikyd\.m2\repository\io\netty\netty-transport-classes-epoll\4.1.110.Final\netty-transport-classes-epoll-4.1.110.Final.jar;C:\Users\dikyd\.m2\repository\io\netty\netty-transport-native-epoll\4.1.110.Final\netty-transport-native-epoll-4.1.110.Final-linux-aarch_64.jar;C:\Users\dikyd\.m2\repository\io\netty\netty-transport-native-kqueue\4.1.110.Final\netty-transport-native-kqueue-4.1.110.Final-osx-x86_64.jar;C:\Users\dikyd\.m2\repository\io\netty\netty-transport-classes-kqueue\4.1.110.Final\netty-transport-classes-kqueue-4.1.110.Final.jar;C:\Users\dikyd\.m2\repository\io\netty\netty-resolver-dns-native-macos\4.1.110.Final\netty-resolver-dns-native-macos-4.1.110.Final-osx-x86_64.jar;C:\Users\dikyd\.m2\repository\io\netty\netty-resolver-dns-classes-macos\4.1.110.Final\netty-resolver-dns-classes-macos-4.1.110.Final.jar;C:\Users\dikyd\.m2\repository\io\netty\netty-transport-native-kqueue\4.1.110.Final\netty-transport-native-kqueue-4.1.110.Final-osx-aarch_64.jar;C:\Users\dikyd\.m2\repository\io\netty\netty-resolver-dns-native-macos\4.1.110.Final\netty-resolver-dns-native-macos-4.1.110.Final-osx-aarch_64.jar;C:\Users\dikyd\.m2\repository\io\netty\netty-tcnative-boringssl-static\2.0.65.Final\netty-tcnative-boringssl-static-2.0.65.Final-linux-x86_64.jar;C:\Users\dikyd\.m2\repository\io\netty\netty-tcnative-classes\2.0.65.Final\netty-tcnative-classes-2.0.65.Final.jar;C:\Users\dikyd\.m2\repository\io\netty\netty-tcnative-boringssl-static\2.0.65.Final\netty-tcnative-boringssl-static-2.0.65.Final-linux-aarch_64.jar;C:\Users\dikyd\.m2\repository\io\netty\netty-tcnative-boringssl-static\2.0.65.Final\netty-tcnative-boringssl-static-2.0.65.Final-osx-x86_64.jar;C:\Users\dikyd\.m2\repository\io\netty\netty-tcnative-boringssl-static\2.0.65.Final\netty-tcnative-boringssl-static-2.0.65.Final-osx-aarch_64.jar;C:\Users\dikyd\.m2\repository\io\netty\netty-tcnative-boringssl-static\2.0.65.Final\netty-tcnative-boringssl-static-2.0.65.Final-windows-x86_64.jar;C:\Users\dikyd\.m2\repository\com\aayushatharva\brotli4j\brotli4j\1.16.0\brotli4j-1.16.0.jar;C:\Users\dikyd\.m2\repository\com\aayushatharva\brotli4j\service\1.16.0\service-1.16.0.jar;C:\Users\dikyd\.m2\repository\com\aayushatharva\brotli4j\native-windows-x86_64\1.16.0\native-windows-x86_64-1.16.0.jar;C:\Users\dikyd\.m2\repository\org\apache\httpcomponents\httpclient\4.5.14\httpclient-4.5.14.jar;C:\Users\dikyd\.m2\repository\org\apache\httpcomponents\httpcore\4.4.16\httpcore-4.4.16.jar;C:\Users\dikyd\.m2\repository\commons-codec\commons-codec\1.16.1\commons-codec-1.16.1.jar;C:\Users\dikyd\.m2\repository\ch\qos\logback\logback-classic\1.5.4\logback-classic-1.5.4.jar;C:\Users\dikyd\.m2\repository\ch\qos\logback\logback-core\1.5.4\logback-core-1.5.4.jar;C:\Users\dikyd\.m2\repository\org\slf4j\jcl-over-slf4j\2.0.12\jcl-over-slf4j-2.0.12.jar;C:\Users\dikyd\.m2\repository\org\slf4j\slf4j-api\2.0.12\slf4j-api-2.0.12.jar;C:\Users\dikyd\.m2\repository\org\antlr\antlr4-runtime\4.13.1\antlr4-runtime-4.13.1.jar;C:\Users\dikyd\.m2\repository\com\jayway\jsonpath\json-path\2.9.0\json-path-2.9.0.jar;C:\Users\dikyd\.m2\repository\net\minidev\json-smart\2.5.1\json-smart-2.5.1.jar;C:\Users\dikyd\.m2\repository\net\minidev\accessors-smart\2.5.1\accessors-smart-2.5.1.jar;C:\Users\dikyd\.m2\repository\org\ow2\asm\asm\9.6\asm-9.6.jar;C:\Users\dikyd\.m2\repository\org\yaml\snakeyaml\2.2\snakeyaml-2.2.jar;C:\Users\dikyd\.m2\repository\de\siegmar\fastcsv\3.1.0\fastcsv-3.1.0.jar;C:\Users\dikyd\.m2\repository\info\picocli\picocli\4.7.5\picocli-4.7.5.jar;C:\Users\dikyd\.m2\repository\io\github\classgraph\classgraph\4.8.170\classgraph-4.8.170.jar;C:\Users\dikyd\.m2\repository\io\github\t12y\resemble\1.1.0\resemble-1.1.0.jar;C:\Users\dikyd\.m2\repository\io\github\t12y\ssim\1.0.0\ssim-1.0.0.jar;C:\Users\dikyd\.m2\repository\org\junit\jupiter\junit-jupiter-api\5.10.2\junit-jupiter-api-5.10.2.jar;C:\Users\dikyd\.m2\repository\org\opentest4j\opentest4j\1.3.0\opentest4j-1.3.0.jar;C:\Users\dikyd\.m2\repository\org\junit\platform\junit-platform-commons\1.10.2\junit-platform-commons-1.10.2.jar;C:\Users\dikyd\.m2\repository\org\apiguardian\apiguardian-api\1.1.2\apiguardian-api-1.1.2.jar;C:\Users\dikyd\.m2\repository\org\junit\jupiter\junit-jupiter-engine\5.10.2\junit-jupiter-engine-5.10.2.jar;C:\Users\dikyd\.m2\repository\org\junit\platform\junit-platform-engine\1.10.2\junit-platform-engine-1.10.2.jar;"/>
    <property name="sun.cpu.endian" value="little"/>
    <property name="user.home" value="C:\Users\dikyd"/>
    <property name="user.language" value="en"/>
    <property name="java.specification.vendor" value="Oracle Corporation"/>
    <property name="java.version.date" value="2025-04-15"/>
    <property name="java.home" value="C:\Program Files\Java\jdk-24"/>
    <property name="file.separator" value="\"/>
    <property name="basedir" value="C:\Users\dikyd\Documents\karate\KarateProj"/>
    <property name="java.vm.compressedOopsMode" value="Zero based"/>
    <property name="line.separator" value="&#10;"/>
    <property name="java.vm.specification.vendor" value="Oracle Corporation"/>
    <property name="java.specification.name" value="Java Platform API Specification"/>
    <property name="surefire.real.class.path" value="C:\Users\dikyd\AppData\Local\Temp\surefire7931196487840051021\surefirebooter-20250429140846562_3.jar"/>
    <property name="user.script" value=""/>
    <property name="sun.management.compiler" value="HotSpot 64-Bit Tiered Compilers"/>
    <property name="java.runtime.version" value="24.0.1+9-30"/>
    <property name="user.name" value="dikyd"/>
    <property name="stdout.encoding" value="Cp1252"/>
    <property name="path.separator" value=";"/>
    <property name="os.version" value="10.0"/>
    <property name="java.runtime.name" value="Java(TM) SE Runtime Environment"/>
    <property name="file.encoding" value="UTF-8"/>
    <property name="java.vm.name" value="Java HotSpot(TM) 64-Bit Server VM"/>
    <property name="localRepository" value="C:\Users\dikyd\.m2\repository"/>
    <property name="java.vendor.url.bug" value="https://bugreport.java.com/bugreport/"/>
    <property name="java.io.tmpdir" value="C:\Users\dikyd\AppData\Local\Temp\"/>
    <property name="java.version" value="24.0.1"/>
    <property name="user.dir" value="C:\Users\dikyd\Documents\karate\KarateProj"/>
    <property name="os.arch" value="amd64"/>
    <property name="java.vm.specification.name" value="Java Virtual Machine Specification"/>
    <property name="user.language.format" value="es"/>
    <property name="sun.os.patch.level" value=""/>
    <property name="native.encoding" value="Cp1252"/>
    <property name="java.library.path" value="C:\Program Files\Java\jdk-24\bin;C:\WINDOWS\Sun\Java\bin;C:\WINDOWS\system32;C:\WINDOWS;C:\Program Files\Common Files\Oracle\Java\javapath;C:\Program Files (x86)\Common Files\Oracle\Java\java8path;C:\Program Files (x86)\Common Files\Oracle\Java\javapath;C:\Program Files\Microsoft MPI\Bin\;C:\WINDOWS\system32;C:\WINDOWS;C:\WINDOWS\System32\Wbem;C:\WINDOWS\System32\WindowsPowerShell\v1.0\;C:\WINDOWS\System32\OpenSSH\;C:\Program Files\Microsoft SQL Server\150\Tools\Binn\;C:\Program Files\Microsoft SQL Server\Client SDK\ODBC\170\Tools\Binn\;C:\Program Files\dotnet\;C:\Program Files (x86)\Windows Kits\10\Windows Performance Toolkit\;C:\Users\dikyd\AppData\Roaming\npm;C:\Program Files\Git\cmd;C:\Program Files\nodejs\;C:\Program Files (x86)\Microsoft SQL Server\160\DTS\Binn\;C:\Program Files (x86)\Microsoft SQL Server\160\Tools\Binn\;C:\Program Files\Microsoft SQL Server\160\Tools\Binn\;C:\Program Files\Microsoft SQL Server\160\DTS\Binn\;C:\Program Files\NVIDIA Corporation\NVIDIA App\NvDLISR;C:\Program Files (x86)\NVIDIA Corporation\PhysX\Common;C:\Program Files\PuTTY\;C:\Program Files (x86)\Java\jre1.8.0_451;C:\Program Files\Java\jdk-24\bin;C:\Program Files\Maven\apache-maven-3.9.9\bin;C:\Users\dikyd\AppData\Local\Microsoft\WindowsApps;C:\Users\dikyd\AppData\Local\Programs\Microsoft VS Code\bin;C:\Users\dikyd\.dotnet\tools;C:\Users\dikyd\AppData\Local\GitHubDesktop\bin;C:\Users\dikyd\AppData\Roaming\npm;C:\Program Files\nodejs\;C:\Program Files\JetBrains\PyCharm 2024.3.5\bin;;C:\Program Files (x86)\Java\jre1.8.0_451;C:\Program Files\Java\jre1.8.0_451;;C:\Program Files\JetBrains\IntelliJ IDEA 2025.1\bin;;."/>
    <property name="java.vm.info" value="mixed mode, sharing"/>
    <property name="stderr.encoding" value="Cp1252"/>
    <property name="java.vendor" value="Oracle Corporation"/>
    <property name="java.vm.version" value="24.0.1+9-30"/>
    <property name="sun.io.unicode.encoding" value="UnicodeLittle"/>
    <property name="java.class.version" value="68.0"/>
  </properties>
  <testcase name="[1:4] Crear, consultar, actualizar y eliminar mascota" classname="examples/PetStore/full_flow_pet" time="11.605">
    <failure message="status code was: 405, expected: 200, response time in milliseconds: 723, url: https://petstore.swagger.io/v2/pet, response: &#10;&lt;?xml version=&quot;1.0&quot; encoding=&quot;UTF-8&quot; standalone=&quot;yes&quot;?&gt;&lt;apiResponse&gt;&lt;type&gt;unknown&lt;/type&gt;&lt;/apiResponse&gt;&#10;classpath:examples/PetStore/get_pet.feature:7&#10;classpath:examples/PetStore/full_flow_pet.feature:8" type="org.opentest4j.AssertionFailedError"><![CDATA[org.opentest4j.AssertionFailedError: 
status code was: 405, expected: 200, response time in milliseconds: 723, url: https://petstore.swagger.io/v2/pet, response: 
<?xml version="1.0" encoding="UTF-8" standalone="yes"?><apiResponse><type>unknown</type></apiResponse>
classpath:examples/PetStore/get_pet.feature:7
classpath:examples/PetStore/full_flow_pet.feature:8
	at com.intuit.karate.junit5.FeatureNode.lambda$next$1(FeatureNode.java:86)
	at java.base/java.util.stream.ForEachOps$ForEachOp$OfRef.accept(ForEachOps.java:186)
	at java.base/java.util.stream.ReferencePipeline$3$1.accept(ReferencePipeline.java:215)
	at java.base/java.util.stream.ReferencePipeline$2$1.accept(ReferencePipeline.java:197)
	at java.base/java.util.stream.ReferencePipeline$3$1.accept(ReferencePipeline.java:215)
	at java.base/java.util.Iterator.forEachRemaining(Iterator.java:133)
	at java.base/java.util.Spliterators$IteratorSpliterator.forEachRemaining(Spliterators.java:1939)
	at java.base/java.util.stream.AbstractPipeline.copyInto(AbstractPipeline.java:570)
	at java.base/java.util.stream.AbstractPipeline.wrapAndCopyInto(AbstractPipeline.java:560)
	at java.base/java.util.stream.ForEachOps$ForEachOp.evaluateSequential(ForEachOps.java:153)
	at java.base/java.util.stream.ForEachOps$ForEachOp$OfRef.evaluateSequential(ForEachOps.java:176)
	at java.base/java.util.stream.AbstractPipeline.evaluate(AbstractPipeline.java:265)
	at java.base/java.util.stream.ReferencePipeline.forEachOrdered(ReferencePipeline.java:641)
	at java.base/java.util.Optional.ifPresent(Optional.java:178)
	at java.base/java.util.ArrayList.forEach(ArrayList.java:1604)
	at java.base/java.util.ArrayList.forEach(ArrayList.java:1604)
]]></failure>
    <system-out><![CDATA[14:08:53.220 [main] DEBUG com.intuit.karate.Suite - [config] classpath:karate-config.js
14:08:57.642 [main] INFO  com.intuit.karate - karate.env system property was: null 
14:08:58.954 [main] DEBUG com.intuit.karate - request:
1 > POST https://petstore.swagger.io/v2/pet
1 > Content-Type: application/json; charset=UTF-8
1 > Content-Length: 139
1 > Host: petstore.swagger.io
1 > Connection: Keep-Alive
1 > User-Agent: Apache-HttpClient/4.5.14 (Java/24.0.1)
1 > Accept-Encoding: gzip,deflate
{"id":1212121,"category":{"id":0,"name":"Cat"},"name":"Nina","photoUrls":["string"],"tags":[{"id":0,"name":"string"}],"status":"available"}

14:09:00.613 [main] DEBUG com.intuit.karate - response time in milliseconds: 1648
1 < 200
1 < Date: Tue, 29 Apr 2025 18:08:57 GMT
1 < Content-Type: application/json
1 < Transfer-Encoding: chunked
1 < Connection: keep-alive
1 < Access-Control-Allow-Origin: *
1 < Access-Control-Allow-Methods: GET, POST, DELETE, PUT
1 < Access-Control-Allow-Headers: Content-Type, api_key, Authorization
1 < Server: Jetty(9.2.9.v20150224)
{"id":1212121,"category":{"id":0,"name":"Cat"},"name":"Nina","photoUrls":["string"],"tags":[{"id":0,"name":"string"}],"status":"available"}

14:09:00.832 [main] DEBUG com.intuit.karate - request:
1 > GET https://petstore.swagger.io/v2/pet
1 > Host: petstore.swagger.io
1 > Connection: Keep-Alive
1 > User-Agent: Apache-HttpClient/4.5.14 (Java/24.0.1)
1 > Accept-Encoding: gzip,deflate


14:09:01.559 [main] DEBUG com.intuit.karate - response time in milliseconds: 723
1 < 405
1 < Date: Tue, 29 Apr 2025 18:08:58 GMT
1 < Content-Type: application/xml
1 < Content-Length: 102
1 < Connection: keep-alive
1 < Access-Control-Allow-Origin: *
1 < Access-Control-Allow-Methods: GET, POST, DELETE, PUT
1 < Access-Control-Allow-Headers: Content-Type, api_key, Authorization
1 < Server: Jetty(9.2.9.v20150224)
<?xml version="1.0" encoding="UTF-8" standalone="yes"?><apiResponse><type>unknown</type></apiResponse>

14:09:01.610 [main] ERROR com.intuit.karate - classpath:examples/PetStore/get_pet.feature:7
Then status 200
status code was: 405, expected: 200, response time in milliseconds: 723, url: https://petstore.swagger.io/v2/pet, response: 
<?xml version="1.0" encoding="UTF-8" standalone="yes"?><apiResponse><type>unknown</type></apiResponse>
classpath:examples/PetStore/get_pet.feature:7
14:09:01.617 [main] ERROR com.intuit.karate - classpath:examples/PetStore/full_flow_pet.feature:8
* call read('get_pet.feature') { petId: '#(petId)' }
status code was: 405, expected: 200, response time in milliseconds: 723, url: https://petstore.swagger.io/v2/pet, response: 
<?xml version="1.0" encoding="UTF-8" standalone="yes"?><apiResponse><type>unknown</type></apiResponse>
classpath:examples/PetStore/get_pet.feature:7
classpath:examples/PetStore/full_flow_pet.feature:8
---------------------------------------------------------
feature: classpath:examples/PetStore/full_flow_pet.feature
scenarios:  1 | passed:  0 | failed:  1 | time: 3,8520
---------------------------------------------------------

Karate version: 1.5.0
======================================================
elapsed:  11,30 | threads:    1 | thread time: 3,85 
features:     1 | skipped:    0 | efficiency: 0,34
scenarios:    1 | passed:     0 | failed: 1
======================================================
>>> failed features:
status code was: 405, expected: 200, response time in milliseconds: 723, url: https://petstore.swagger.io/v2/pet, response: 
<?xml version="1.0" encoding="UTF-8" standalone="yes"?><apiResponse><type>unknown</type></apiResponse>
classpath:examples/PetStore/get_pet.feature:7
classpath:examples/PetStore/full_flow_pet.feature:8
<<<

HTML report: (paste into browser to view) | Karate version: 1.5.0
file:///C:/Users/dikyd/Documents/karate/KarateProj/target/karate-reports/karate-summary.html
===================================================================

]]></system-out>
  </testcase>
</testsuite>